[OK] Loaded model: xgboost from C:\Users\sanji\IdeaProjects\Aqi\AQI-Risk-Assessment\ml\models\xgboost_model.pkl
[OK] Loaded model: randomforest from C:\Users\sanji\IdeaProjects\Aqi\AQI-Risk-Assessment\ml\models\randomforest_model.pkl
[OK] Loaded model: lightgbm from C:\Users\sanji\IdeaProjects\Aqi\AQI-Risk-Assessment\ml\models\lightgbm_model.pkl
 * Serving Flask app 'server'
 * Debug mode: off
C:\Program Files\WindowsApps\PythonSoftwareFoundation.Python.3.11_3.11.2544.0_x64__qbz5n2kfra8p0\Lib\pickle.py:1718: UserWarning: [12:54:19] WARNING: C:\actions-runner\_work\xgboost\xgboost\src\gbm\../common/error_msg.h:83: If you are loading a serialized model (like pickle in Python, RDS in R) or
configuration generated by an older version of XGBoost, please export the model by calling
`Booster.save_model` from that version first, then load it back in current version. See:

    https://xgboost.readthedocs.io/en/stable/tutorials/saving_model.html

for more details about differences between saving model and serializing.

  setstate(state)
C:\Users\sanji\AppData\Local\Packages\PythonSoftwareFoundation.Python.3.11_qbz5n2kfra8p0\LocalCache\local-packages\Python311\site-packages\sklearn\base.py:442: InconsistentVersionWarning: Trying to unpickle estimator DecisionTreeRegressor from version 1.7.1 when using version 1.7.2. This might lead to breaking code or invalid results. Use at your own risk. For more info please refer to:
https://scikit-learn.org/stable/model_persistence.html#security-maintainability-limitations
  warnings.warn(
C:\Users\sanji\AppData\Local\Packages\PythonSoftwareFoundation.Python.3.11_qbz5n2kfra8p0\LocalCache\local-packages\Python311\site-packages\sklearn\base.py:442: InconsistentVersionWarning: Trying to unpickle estimator RandomForestRegressor from version 1.7.1 when using version 1.7.2. This might lead to breaking code or invalid results. Use at your own risk. For more info please refer to:
https://scikit-learn.org/stable/model_persistence.html#security-maintainability-limitations
  warnings.warn(
WARNING: This is a development server. Do not use it in a production deployment. Use a production WSGI server instead.
 * Running on all addresses (0.0.0.0)
 * Running on http://127.0.0.1:5000
 * Running on http://10.139.81.183:5000
Press CTRL+C to quit
